<?xml version="1.0" encoding="UTF-8"?>
<testng-results skipped="0" failed="0" ignored="0" total="1" passed="1">
  <reporter-output>
  </reporter-output>
  <suite name="Suite" duration-ms="55083" started-at="2020-04-26T18:42:24 IST" finished-at="2020-04-26T18:43:19 IST">
    <groups>
    </groups>
    <test name="Test_Chrome" duration-ms="55083" started-at="2020-04-26T18:42:24 IST" finished-at="2020-04-26T18:43:19 IST">
      <class name="com.Mini_project_Test_Case.TC_LoginTest_01">
        <test-method status="PASS" signature="setUp(java.lang.String)[pri:0, instance:com.Mini_project_Test_Case.TC_LoginTest_01@59494225]" name="setUp" is-config="true" duration-ms="44393" started-at="2020-04-26T18:42:24 IST" finished-at="2020-04-26T18:43:08 IST">
          <params>
            <param index="0">
              <value>
                <![CDATA[chrome]]>
              </value>
            </param>
          </params>
          <reporter-output>
          </reporter-output>
        </test-method> <!-- setUp -->
        <test-method status="PASS" signature="login_Test()[pri:0, instance:com.Mini_project_Test_Case.TC_LoginTest_01@59494225]" name="login_Test" duration-ms="8138" started-at="2020-04-26T18:43:08 IST" finished-at="2020-04-26T18:43:16 IST">
          <reporter-output>
          </reporter-output>
        </test-method> <!-- login_Test -->
        <test-method status="PASS" signature="tearDown()[pri:0, instance:com.Mini_project_Test_Case.TC_LoginTest_01@59494225]" name="tearDown" is-config="true" duration-ms="2190" started-at="2020-04-26T18:43:16 IST" finished-at="2020-04-26T18:43:19 IST">
          <reporter-output>
          </reporter-output>
        </test-method> <!-- tearDown -->
      </class> <!-- com.Mini_project_Test_Case.TC_LoginTest_01 -->
    </test> <!-- Test_Chrome -->
  </suite> <!-- Suite -->
</testng-results>
