<?xml version="1.0" encoding="UTF-8"?>
<testng-results skipped="0" failed="1" ignored="0" total="4" passed="3">
  <reporter-output>
  </reporter-output>
  <suite name="Suite" duration-ms="170052" started-at="2020-05-07T12:24:33 IST" finished-at="2020-05-07T12:27:23 IST">
    <groups>
    </groups>
    <test name="Test_Chrome" duration-ms="170052" started-at="2020-05-07T12:24:33 IST" finished-at="2020-05-07T12:27:23 IST">
      <class name="com.Mini_project_Test_Case.Delete_customer_test">
        <test-method status="PASS" signature="setUp(java.lang.String)[pri:0, instance:com.Mini_project_Test_Case.Delete_customer_test@59e5ddf]" name="setUp" is-config="true" duration-ms="26056" started-at="2020-05-07T12:26:48 IST" finished-at="2020-05-07T12:27:14 IST">
          <params>
            <param index="0">
              <value>
                <![CDATA[chrome]]>
              </value>
            </param>
          </params>
          <reporter-output>
          </reporter-output>
        </test-method> <!-- setUp -->
        <test-method status="PASS" signature="actual_Delete_Test()[pri:0, instance:com.Mini_project_Test_Case.Delete_customer_test@59e5ddf]" name="actual_Delete_Test" duration-ms="8833" started-at="2020-05-07T12:27:14 IST" finished-at="2020-05-07T12:27:22 IST">
          <reporter-output>
          </reporter-output>
        </test-method> <!-- actual_Delete_Test -->
        <test-method status="PASS" signature="tearDown()[pri:0, instance:com.Mini_project_Test_Case.Delete_customer_test@59e5ddf]" name="tearDown" is-config="true" duration-ms="849" started-at="2020-05-07T12:27:22 IST" finished-at="2020-05-07T12:27:23 IST">
          <reporter-output>
          </reporter-output>
        </test-method> <!-- tearDown -->
      </class> <!-- com.Mini_project_Test_Case.Delete_customer_test -->
      <class name="com.Mini_project_Test_Case.Add_customer">
        <test-method status="PASS" signature="setUp(java.lang.String)[pri:0, instance:com.Mini_project_Test_Case.Add_customer@1b68ddbd]" name="setUp" is-config="true" duration-ms="21300" started-at="2020-05-07T12:25:27 IST" finished-at="2020-05-07T12:25:48 IST">
          <params>
            <param index="0">
              <value>
                <![CDATA[chrome]]>
              </value>
            </param>
          </params>
          <reporter-output>
          </reporter-output>
        </test-method> <!-- setUp -->
        <test-method status="FAIL" signature="Adding_Customer_()[pri:0, instance:com.Mini_project_Test_Case.Add_customer@1b68ddbd]" name="Adding_Customer_" duration-ms="25008" started-at="2020-05-07T12:25:48 IST" finished-at="2020-05-07T12:26:13 IST">
          <exception class="org.openqa.selenium.NoSuchElementException">
            <message>
              <![CDATA[no such element: Unable to locate element: {"method":"css selector","selector":"*[name='name']"}
  (Session info: chrome=81.0.4044.129)
For documentation on this error, please visit: https://www.seleniumhq.org/exceptions/no_such_element.html
Build info: version: '3.141.59', revision: 'e82be7d358', time: '2018-11-14T08:25:53'
System info: host: 'LAPTOP-MQODM87S', ip: '192.168.43.105', os.name: 'Windows 10', os.arch: 'amd64', os.version: '10.0', java.version: '1.8.0_172'
Driver info: org.openqa.selenium.chrome.ChromeDriver
Capabilities {acceptInsecureCerts: false, browserName: chrome, browserVersion: 81.0.4044.129, chrome: {chromedriverVersion: 80.0.3987.106 (f68069574609..., userDataDir: C:\Users\BHARAT~1\AppData\L...}, goog:chromeOptions: {debuggerAddress: localhost:65426}, javascriptEnabled: true, networkConnectionEnabled: false, pageLoadStrategy: normal, platform: WINDOWS, platformName: WINDOWS, proxy: Proxy(), setWindowRect: true, strictFileInteractability: false, timeouts: {implicit: 0, pageLoad: 300000, script: 30000}, unhandledPromptBehavior: dismiss and notify}
Session ID: b5e2bf418c998c0d758fe2a6c13289ab
*** Element info: {Using=name, value=name}]]>
            </message>
            <full-stacktrace>
              <![CDATA[org.openqa.selenium.NoSuchElementException: no such element: Unable to locate element: {"method":"css selector","selector":"*[name='name']"}
  (Session info: chrome=81.0.4044.129)
For documentation on this error, please visit: https://www.seleniumhq.org/exceptions/no_such_element.html
Build info: version: '3.141.59', revision: 'e82be7d358', time: '2018-11-14T08:25:53'
System info: host: 'LAPTOP-MQODM87S', ip: '192.168.43.105', os.name: 'Windows 10', os.arch: 'amd64', os.version: '10.0', java.version: '1.8.0_172'
Driver info: org.openqa.selenium.chrome.ChromeDriver
Capabilities {acceptInsecureCerts: false, browserName: chrome, browserVersion: 81.0.4044.129, chrome: {chromedriverVersion: 80.0.3987.106 (f68069574609..., userDataDir: C:\Users\BHARAT~1\AppData\L...}, goog:chromeOptions: {debuggerAddress: localhost:65426}, javascriptEnabled: true, networkConnectionEnabled: false, pageLoadStrategy: normal, platform: WINDOWS, platformName: WINDOWS, proxy: Proxy(), setWindowRect: true, strictFileInteractability: false, timeouts: {implicit: 0, pageLoad: 300000, script: 30000}, unhandledPromptBehavior: dismiss and notify}
Session ID: b5e2bf418c998c0d758fe2a6c13289ab
*** Element info: {Using=name, value=name}
at sun.reflect.NativeConstructorAccessorImpl.newInstance0(Native Method)
at sun.reflect.NativeConstructorAccessorImpl.newInstance(NativeConstructorAccessorImpl.java:62)
at sun.reflect.DelegatingConstructorAccessorImpl.newInstance(DelegatingConstructorAccessorImpl.java:45)
at java.lang.reflect.Constructor.newInstance(Constructor.java:423)
at org.openqa.selenium.remote.http.W3CHttpResponseCodec.createException(W3CHttpResponseCodec.java:187)
at org.openqa.selenium.remote.http.W3CHttpResponseCodec.decode(W3CHttpResponseCodec.java:122)
at org.openqa.selenium.remote.http.W3CHttpResponseCodec.decode(W3CHttpResponseCodec.java:49)
at org.openqa.selenium.remote.HttpCommandExecutor.execute(HttpCommandExecutor.java:158)
at org.openqa.selenium.remote.service.DriverCommandExecutor.execute(DriverCommandExecutor.java:83)
at org.openqa.selenium.remote.RemoteWebDriver.execute(RemoteWebDriver.java:552)
at org.openqa.selenium.remote.RemoteWebDriver.findElement(RemoteWebDriver.java:323)
at org.openqa.selenium.remote.RemoteWebDriver.findElementByName(RemoteWebDriver.java:404)
at org.openqa.selenium.By$ByName.findElement(By.java:284)
at org.openqa.selenium.remote.RemoteWebDriver.findElement(RemoteWebDriver.java:315)
at org.openqa.selenium.support.pagefactory.DefaultElementLocator.findElement(DefaultElementLocator.java:69)
at org.openqa.selenium.support.pagefactory.internal.LocatingElementHandler.invoke(LocatingElementHandler.java:38)
at com.sun.proxy.$Proxy27.sendKeys(Unknown Source)
at com.Mini_Project.Page_Object.Add_New_Customer.s_name(Add_New_Customer.java:63)
at com.Mini_project_Test_Case.Add_customer.Adding_Customer_(Add_customer.java:39)
at sun.reflect.NativeMethodAccessorImpl.invoke0(Native Method)
at sun.reflect.NativeMethodAccessorImpl.invoke(NativeMethodAccessorImpl.java:62)
at sun.reflect.DelegatingMethodAccessorImpl.invoke(DelegatingMethodAccessorImpl.java:43)
at java.lang.reflect.Method.invoke(Method.java:498)
at org.testng.internal.MethodInvocationHelper.invokeMethod(MethodInvocationHelper.java:134)
at org.testng.internal.TestInvoker.invokeMethod(TestInvoker.java:597)
at org.testng.internal.TestInvoker.invokeTestMethod(TestInvoker.java:173)
at org.testng.internal.MethodRunner.runInSequence(MethodRunner.java:46)
at org.testng.internal.TestInvoker$MethodInvocationAgent.invoke(TestInvoker.java:816)
at org.testng.internal.TestInvoker.invokeTestMethods(TestInvoker.java:146)
at org.testng.internal.TestMethodWorker.invokeTestMethods(TestMethodWorker.java:146)
at org.testng.internal.TestMethodWorker.run(TestMethodWorker.java:128)
at java.util.ArrayList.forEach(ArrayList.java:1257)
at org.testng.TestRunner.privateRun(TestRunner.java:766)
at org.testng.TestRunner.run(TestRunner.java:587)
at org.testng.SuiteRunner.runTest(SuiteRunner.java:384)
at org.testng.SuiteRunner.runSequentially(SuiteRunner.java:378)
at org.testng.SuiteRunner.privateRun(SuiteRunner.java:337)
at org.testng.SuiteRunner.run(SuiteRunner.java:286)
at org.testng.SuiteRunnerWorker.runSuite(SuiteRunnerWorker.java:53)
at org.testng.SuiteRunnerWorker.run(SuiteRunnerWorker.java:96)
at org.testng.TestNG.runSuitesSequentially(TestNG.java:1187)
at org.testng.TestNG.runSuitesLocally(TestNG.java:1109)
at org.testng.TestNG.runSuites(TestNG.java:1039)
at org.testng.TestNG.run(TestNG.java:1007)
at org.testng.remote.AbstractRemoteTestNG.run(AbstractRemoteTestNG.java:115)
at org.testng.remote.RemoteTestNG.initAndRun(RemoteTestNG.java:251)
at org.testng.remote.RemoteTestNG.main(RemoteTestNG.java:77)
]]>
            </full-stacktrace>
          </exception> <!-- org.openqa.selenium.NoSuchElementException -->
          <reporter-output>
          </reporter-output>
        </test-method> <!-- Adding_Customer_ -->
        <test-method status="PASS" signature="tearDown()[pri:0, instance:com.Mini_project_Test_Case.Add_customer@1b68ddbd]" name="tearDown" is-config="true" duration-ms="933" started-at="2020-05-07T12:26:13 IST" finished-at="2020-05-07T12:26:14 IST">
          <reporter-output>
          </reporter-output>
        </test-method> <!-- tearDown -->
      </class> <!-- com.Mini_project_Test_Case.Add_customer -->
      <class name="com.Mini_project_Test_Case.TC_LoginTest_01">
        <test-method status="PASS" signature="setUp(java.lang.String)[pri:0, instance:com.Mini_project_Test_Case.TC_LoginTest_01@2d8f65a4]" name="setUp" is-config="true" duration-ms="26944" started-at="2020-05-07T12:24:34 IST" finished-at="2020-05-07T12:25:01 IST">
          <params>
            <param index="0">
              <value>
                <![CDATA[chrome]]>
              </value>
            </param>
          </params>
          <reporter-output>
          </reporter-output>
        </test-method> <!-- setUp -->
        <test-method status="PASS" signature="login_Test()[pri:0, instance:com.Mini_project_Test_Case.TC_LoginTest_01@2d8f65a4]" name="login_Test" duration-ms="20282" started-at="2020-05-07T12:25:01 IST" finished-at="2020-05-07T12:25:21 IST">
          <reporter-output>
          </reporter-output>
        </test-method> <!-- login_Test -->
        <test-method status="PASS" signature="tearDown()[pri:0, instance:com.Mini_project_Test_Case.TC_LoginTest_01@2d8f65a4]" name="tearDown" is-config="true" duration-ms="3141" started-at="2020-05-07T12:25:23 IST" finished-at="2020-05-07T12:25:27 IST">
          <reporter-output>
          </reporter-output>
        </test-method> <!-- tearDown -->
      </class> <!-- com.Mini_project_Test_Case.TC_LoginTest_01 -->
      <class name="com.Mini_project_Test_Case.Edit_customer_test">
        <test-method status="PASS" signature="setUp(java.lang.String)[pri:0, instance:com.Mini_project_Test_Case.Edit_customer_test@646d64ab]" name="setUp" is-config="true" duration-ms="20564" started-at="2020-05-07T12:26:14 IST" finished-at="2020-05-07T12:26:35 IST">
          <params>
            <param index="0">
              <value>
                <![CDATA[chrome]]>
              </value>
            </param>
          </params>
          <reporter-output>
          </reporter-output>
        </test-method> <!-- setUp -->
        <test-method status="PASS" signature="edit()[pri:0, instance:com.Mini_project_Test_Case.Edit_customer_test@646d64ab]" name="edit" duration-ms="12315" started-at="2020-05-07T12:26:35 IST" finished-at="2020-05-07T12:26:47 IST">
          <reporter-output>
          </reporter-output>
        </test-method> <!-- edit -->
        <test-method status="PASS" signature="tearDown()[pri:0, instance:com.Mini_project_Test_Case.Edit_customer_test@646d64ab]" name="tearDown" is-config="true" duration-ms="770" started-at="2020-05-07T12:26:47 IST" finished-at="2020-05-07T12:26:48 IST">
          <reporter-output>
          </reporter-output>
        </test-method> <!-- tearDown -->
      </class> <!-- com.Mini_project_Test_Case.Edit_customer_test -->
    </test> <!-- Test_Chrome -->
  </suite> <!-- Suite -->
</testng-results>
